This is pdfTeX, Version 3.14159265-2.6-1.40.19 (MiKTeX 2.9.6930 64-bit) (preloaded format=pdflatex 2019.3.10)  21 MAY 2019 23:44
entering extended mode
**./Reporte.tex
(Reporte.tex
LaTeX2e <2018-12-01>
("C:\Users\Ángel\AppData\Local\Programs\MiKTeX 2.9\tex/latex/base\report.cls"
Document Class: report 2018/09/03 v1.4i Standard LaTeX document class
("C:\Users\Ángel\AppData\Local\Programs\MiKTeX 2.9\tex/latex/base\size12.clo"
File: size12.clo 2018/09/03 v1.4i Standard LaTeX file (size option)
)
\c@part=\count80
\c@chapter=\count81
\c@section=\count82
\c@subsection=\count83
\c@subsubsection=\count84
\c@paragraph=\count85
\c@subparagraph=\count86
\c@figure=\count87
\c@table=\count88
\abovecaptionskip=\skip41
\belowcaptionskip=\skip42
\bibindent=\dimen102
)
("C:\Users\Ángel\AppData\Local\Programs\MiKTeX 2.9\tex/latex/base\inputenc.sty
"
Package: inputenc 2018/08/11 v1.3c Input encoding file
\inpenc@prehook=\toks14
\inpenc@posthook=\toks15
)
("C:\Users\Ángel\AppData\Local\Programs\MiKTeX 2.9\tex/latex/amsmath\amsmath.s
ty"
Package: amsmath 2018/12/01 v2.17b AMS math features
\@mathmargin=\skip43

For additional information on amsmath, use the `?' option.

("C:\Users\Ángel\AppData\Local\Programs\MiKTeX 2.9\tex/latex/amsmath\amstext.s
ty"
Package: amstext 2000/06/29 v2.01 AMS text

("C:\Users\Ángel\AppData\Local\Programs\MiKTeX 2.9\tex/latex/amsmath\amsgen.st
y"
File: amsgen.sty 1999/11/30 v2.0 generic functions
\@emptytoks=\toks16
\ex@=\dimen103
))
("C:\Users\Ángel\AppData\Local\Programs\MiKTeX 2.9\tex/latex/amsmath\amsbsy.st
y"
Package: amsbsy 1999/11/29 v1.2d Bold Symbols
\pmbraise@=\dimen104
)
("C:\Users\Ángel\AppData\Local\Programs\MiKTeX 2.9\tex/latex/amsmath\amsopn.st
y"
Package: amsopn 2016/03/08 v2.02 operator names
)
\inf@bad=\count89
LaTeX Info: Redefining \frac on input line 223.
\uproot@=\count90
\leftroot@=\count91
LaTeX Info: Redefining \overline on input line 385.
\classnum@=\count92
\DOTSCASE@=\count93
LaTeX Info: Redefining \ldots on input line 482.
LaTeX Info: Redefining \dots on input line 485.
LaTeX Info: Redefining \cdots on input line 606.
\Mathstrutbox@=\box27
\strutbox@=\box28
\big@size=\dimen105
LaTeX Font Info:    Redeclaring font encoding OML on input line 729.
LaTeX Font Info:    Redeclaring font encoding OMS on input line 730.
\macc@depth=\count94
\c@MaxMatrixCols=\count95
\dotsspace@=\muskip10
\c@parentequation=\count96
\dspbrk@lvl=\count97
\tag@help=\toks17
\row@=\count98
\column@=\count99
\maxfields@=\count100
\andhelp@=\toks18
\eqnshift@=\dimen106
\alignsep@=\dimen107
\tagshift@=\dimen108
\tagwidth@=\dimen109
\totwidth@=\dimen110
\lineht@=\dimen111
\@envbody=\toks19
\multlinegap=\skip44
\multlinetaggap=\skip45
\mathdisplay@stack=\toks20
LaTeX Info: Redefining \[ on input line 2844.
LaTeX Info: Redefining \] on input line 2845.
)
("C:\Users\Ángel\AppData\Local\Programs\MiKTeX 2.9\tex/latex/amsfonts\amsfonts
.sty"
Package: amsfonts 2013/01/14 v3.01 Basic AMSFonts support
\symAMSa=\mathgroup4
\symAMSb=\mathgroup5
LaTeX Font Info:    Overwriting math alphabet `\mathfrak' in version `bold'
(Font)                  U/euf/m/n --> U/euf/b/n on input line 106.
)
("C:\Users\Ángel\AppData\Local\Programs\MiKTeX 2.9\tex/latex/amsfonts\amssymb.
sty"
Package: amssymb 2013/01/14 v3.01 AMS font symbols
)
("C:\Users\Ángel\AppData\Local\Programs\MiKTeX 2.9\tex/latex/graphics\graphicx
.sty"
Package: graphicx 2017/06/01 v1.1a Enhanced LaTeX Graphics (DPC,SPQR)

("C:\Users\Ángel\AppData\Local\Programs\MiKTeX 2.9\tex/latex/graphics\keyval.s
ty"
Package: keyval 2014/10/28 v1.15 key=value parser (DPC)
\KV@toks@=\toks21
)
("C:\Users\Ángel\AppData\Local\Programs\MiKTeX 2.9\tex/latex/graphics\graphics
.sty"
Package: graphics 2017/06/25 v1.2c Standard LaTeX Graphics (DPC,SPQR)

("C:\Users\Ángel\AppData\Local\Programs\MiKTeX 2.9\tex/latex/graphics\trig.sty
"
Package: trig 2016/01/03 v1.10 sin cos tan (DPC)
)
("C:\Users\Ángel\AppData\Local\Programs\MiKTeX 2.9\tex/latex/graphics-cfg\grap
hics.cfg"
File: graphics.cfg 2016/06/04 v1.11 sample graphics configuration
)
Package graphics Info: Driver file: pdftex.def on input line 99.

("C:\Users\Ángel\AppData\Local\Programs\MiKTeX 2.9\tex/latex/graphics-def\pdft
ex.def"
File: pdftex.def 2018/01/08 v1.0l Graphics/color driver for pdftex
))
\Gin@req@height=\dimen112
\Gin@req@width=\dimen113
)
("C:\Users\Ángel\AppData\Local\Programs\MiKTeX 2.9\tex/latex/tools\multicol.st
y"
Package: multicol 2018/11/09 v1.8u multicolumn formatting (FMi)
\c@tracingmulticols=\count101
\mult@box=\box29
\multicol@leftmargin=\dimen114
\c@unbalance=\count102
\c@collectmore=\count103
\doublecol@number=\count104
\multicoltolerance=\count105
\multicolpretolerance=\count106
\full@width=\dimen115
\page@free=\dimen116
\premulticols=\dimen117
\postmulticols=\dimen118
\multicolsep=\skip46
\multicolbaselineskip=\skip47
\partial@page=\box30
\last@line=\box31
\maxbalancingoverflow=\dimen119
\mult@rightbox=\box32
\mult@grightbox=\box33
\mult@gfirstbox=\box34
\mult@firstbox=\box35
\@tempa=\box36
\@tempa=\box37
\@tempa=\box38
\@tempa=\box39
\@tempa=\box40
\@tempa=\box41
\@tempa=\box42
\@tempa=\box43
\@tempa=\box44
\@tempa=\box45
\@tempa=\box46
\@tempa=\box47
\@tempa=\box48
\@tempa=\box49
\@tempa=\box50
\@tempa=\box51
\@tempa=\box52
\c@columnbadness=\count107
\c@finalcolumnbadness=\count108
\last@try=\dimen120
\multicolovershoot=\dimen121
\multicolundershoot=\dimen122
\mult@nat@firstbox=\box53
\colbreak@box=\box54
\mc@col@check@num=\count109
)
("C:\Users\Ángel\AppData\Local\Programs\MiKTeX 2.9\tex/latex/changepage\change
page.sty"
Package: changepage 2009/10/20 v1.0c check page and change page layout
\c@cp@cntr=\count110
\cp@tempcnt=\count111
)
("C:\Users\Ángel\AppData\Local\Programs\MiKTeX 2.9\tex/latex/float\float.sty"
Package: float 2001/11/08 v1.3d Float enhancements (AL)
\c@float@type=\count112
\float@exts=\toks22
\float@box=\box55
\@float@everytoks=\toks23
\@floatcapt=\box56
) ("C:\Users\Ángel\AppData\Local\Programs\MiKTeX 2.9\tex/latex/cite\cite.sty"
LaTeX Info: Redefining \cite on input line 302.
LaTeX Info: Redefining \nocite on input line 332.
Package: cite 2015/02/27  v 5.5
)
("C:\Users\Ángel\AppData\Local\Programs\MiKTeX 2.9\tex/latex/url\url.sty"
\Urlmuskip=\muskip11
Package: url 2013/09/16  ver 3.4  Verb mode for urls, etc.
)
("C:\Users\Ángel\AppData\Local\Programs\MiKTeX 2.9\tex/latex/geometry\geometry
.sty"
Package: geometry 2018/04/16 v5.8 Page Geometry

("C:\Users\Ángel\AppData\Local\Programs\MiKTeX 2.9\tex/generic/oberdiek\ifpdf.
sty"
Package: ifpdf 2018/09/07 v3.3 Provides the ifpdf switch
)
("C:\Users\Ángel\AppData\Local\Programs\MiKTeX 2.9\tex/generic/oberdiek\ifvtex
.sty"
Package: ifvtex 2016/05/16 v1.6 Detect VTeX and its facilities (HO)
Package ifvtex Info: VTeX not detected.
)
("C:\Users\Ángel\AppData\Local\Programs\MiKTeX 2.9\tex/generic/ifxetex\ifxetex
.sty"
Package: ifxetex 2010/09/12 v0.6 Provides ifxetex conditional
)
\Gm@cnth=\count113
\Gm@cntv=\count114
\c@Gm@tempcnt=\count115
\Gm@bindingoffset=\dimen123
\Gm@wd@mp=\dimen124
\Gm@odd@mp=\dimen125
\Gm@even@mp=\dimen126
\Gm@layoutwidth=\dimen127
\Gm@layoutheight=\dimen128
\Gm@layouthoffset=\dimen129
\Gm@layoutvoffset=\dimen130
\Gm@dimlist=\toks24

("C:\Users\Ángel\AppData\Local\Programs\MiKTeX 2.9\tex/latex/geometry\geometry
.cfg")) (Reporte.aux)
\openout1 = `Reporte.aux'.

LaTeX Font Info:    Checking defaults for OML/cmm/m/it on input line 15.
LaTeX Font Info:    ... okay on input line 15.
LaTeX Font Info:    Checking defaults for T1/cmr/m/n on input line 15.
LaTeX Font Info:    ... okay on input line 15.
LaTeX Font Info:    Checking defaults for OT1/cmr/m/n on input line 15.
LaTeX Font Info:    ... okay on input line 15.
LaTeX Font Info:    Checking defaults for OMS/cmsy/m/n on input line 15.
LaTeX Font Info:    ... okay on input line 15.
LaTeX Font Info:    Checking defaults for OMX/cmex/m/n on input line 15.
LaTeX Font Info:    ... okay on input line 15.
LaTeX Font Info:    Checking defaults for U/cmr/m/n on input line 15.
LaTeX Font Info:    ... okay on input line 15.

("C:\Users\Ángel\AppData\Local\Programs\MiKTeX 2.9\tex/context/base/mkii\supp-
pdf.mkii"
[Loading MPS to PDF converter (version 2006.09.02).]
\scratchcounter=\count116
\scratchdimen=\dimen131
\scratchbox=\box57
\nofMPsegments=\count117
\nofMParguments=\count118
\everyMPshowfont=\toks25
\MPscratchCnt=\count119
\MPscratchDim=\dimen132
\MPnumerator=\count120
\makeMPintoPDFobject=\count121
\everyMPtoPDFconversion=\toks26
)
("C:\Users\Ángel\AppData\Local\Programs\MiKTeX 2.9\tex/latex/oberdiek\epstopdf
-base.sty"
Package: epstopdf-base 2016/05/15 v2.6 Base part for package epstopdf

("C:\Users\Ángel\AppData\Local\Programs\MiKTeX 2.9\tex/generic/oberdiek\infwar
err.sty"
Package: infwarerr 2016/05/16 v1.4 Providing info/warning/error messages (HO)
)
("C:\Users\Ángel\AppData\Local\Programs\MiKTeX 2.9\tex/latex/oberdiek\grfext.s
ty"
Package: grfext 2016/05/16 v1.2 Manage graphics extensions (HO)

("C:\Users\Ángel\AppData\Local\Programs\MiKTeX 2.9\tex/generic/oberdiek\kvdefi
nekeys.sty"
Package: kvdefinekeys 2016/05/16 v1.4 Define keys (HO)

("C:\Users\Ángel\AppData\Local\Programs\MiKTeX 2.9\tex/generic/oberdiek\ltxcmd
s.sty"
Package: ltxcmds 2016/05/16 v1.23 LaTeX kernel commands for general use (HO)
)))
("C:\Users\Ángel\AppData\Local\Programs\MiKTeX 2.9\tex/latex/oberdiek\kvoption
s.sty"
Package: kvoptions 2016/05/16 v3.12 Key value format for package options (HO)

("C:\Users\Ángel\AppData\Local\Programs\MiKTeX 2.9\tex/generic/oberdiek\kvsetk
eys.sty"
Package: kvsetkeys 2016/05/16 v1.17 Key value parser (HO)

("C:\Users\Ángel\AppData\Local\Programs\MiKTeX 2.9\tex/generic/oberdiek\etexcm
ds.sty"
Package: etexcmds 2016/05/16 v1.6 Avoid name clashes with e-TeX commands (HO)

("C:\Users\Ángel\AppData\Local\Programs\MiKTeX 2.9\tex/generic/oberdiek\ifluat
ex.sty"
Package: ifluatex 2016/05/16 v1.4 Provides the ifluatex switch (HO)
Package ifluatex Info: LuaTeX not detected.
))))
("C:\Users\Ángel\AppData\Local\Programs\MiKTeX 2.9\tex/generic/oberdiek\pdftex
cmds.sty"
Package: pdftexcmds 2018/09/10 v0.29 Utility functions of pdfTeX for LuaTeX (HO
)
Package pdftexcmds Info: LuaTeX not detected.
Package pdftexcmds Info: \pdf@primitive is available.
Package pdftexcmds Info: \pdf@ifprimitive is available.
Package pdftexcmds Info: \pdfdraftmode found.
)
Package epstopdf-base Info: Redefining graphics rule for `.eps' on input line 4
38.
Package grfext Info: Graphics extension search list:
(grfext)             [.pdf,.png,.jpg,.mps,.jpeg,.jbig2,.jb2,.PDF,.PNG,.JPG,.JPE
G,.JBIG2,.JB2,.eps]
(grfext)             \AppendGraphicsExtensions on input line 456.
)
*geometry* driver: auto-detecting
*geometry* detected driver: pdftex
*geometry* verbose mode - [ preamble ] result:
* driver: pdftex
* paper: a4paper
* layout: <same size as paper>
* layoutoffset:(h,v)=(0.0pt,0.0pt)
* modes: 
* h-part:(L,W,R)=(56.9055pt, 483.69687pt, 56.9055pt)
* v-part:(T,H,B)=(56.9055pt, 731.23584pt, 56.9055pt)
* \paperwidth=597.50787pt
* \paperheight=845.04684pt
* \textwidth=483.69687pt
* \textheight=731.23584pt
* \oddsidemargin=-15.36449pt
* \evensidemargin=-15.36449pt
* \topmargin=-52.36449pt
* \headheight=12.0pt
* \headsep=25.0pt
* \topskip=12.0pt
* \footskip=30.0pt
* \marginparwidth=35.0pt
* \marginparsep=10.0pt
* \columnsep=10.0pt
* \skip\footins=10.8pt plus 4.0pt minus 2.0pt
* \hoffset=0.0pt
* \voffset=0.0pt
* \mag=1000
* \@twocolumnfalse
* \@twosidefalse
* \@mparswitchfalse
* \@reversemarginfalse
* (1in=72.27pt=25.4mm, 1cm=28.453pt)

LaTeX Font Info:    Try loading font information for U+msa on input line 22.
("C:\Users\Ángel\AppData\Local\Programs\MiKTeX 2.9\tex/latex/amsfonts\umsa.fd"
File: umsa.fd 2013/01/14 v3.01 AMS symbols A
)
LaTeX Font Info:    Try loading font information for U+msb on input line 22.
 ("C:\Users\Ángel\AppData\Local\Programs\MiKTeX 2.9\tex/latex/amsfonts\umsb.fd
"
File: umsb.fd 2013/01/14 v3.01 AMS symbols B
)
<unam.png, id=1, 79.7379pt x 94.4328pt>
File: unam.png Graphic file (type png)
<use unam.png>
Package pdftex.def Info: unam.png  used on input line 23.
(pdftex.def)             Requested size: 55.81615pt x 66.1025pt.
<fi.png, id=3, 355.3275pt x 426.59375pt>
File: fi.png Graphic file (type png)
<use fi.png>
Package pdftex.def Info: fi.png  used on input line 23.
(pdftex.def)             Requested size: 53.29681pt x 63.9863pt.

Overfull \hbox (163.52325pt too wide) in paragraph at lines 22--26
[][]
 []


Underfull \hbox (badness 10000) in paragraph at lines 22--26

 []

[1

{C:/Users/Ángel/AppData/Local/MiKTeX/2.9/pdftex/config/pdftex.map} <./unam.png
> <./fi.png>]
<colecciones.PNG, id=11, 490.83376pt x 395.22656pt>
File: colecciones.PNG Graphic file (type png)
<use colecciones.PNG>
Package pdftex.def Info: colecciones.PNG  used on input line 81.
(pdftex.def)             Requested size: 245.41628pt x 197.6128pt.
 [2

]
<tabla.PNG, id=16, 459.21562pt x 333.49594pt>
File: tabla.PNG Graphic file (type png)
<use tabla.PNG>
Package pdftex.def Info: tabla.PNG  used on input line 93.
(pdftex.def)             Requested size: 459.2145pt x 333.49512pt.
<java.png, id=17, 542.025pt x 307.1475pt>
File: java.png Graphic file (type png)
<use java.png>
Package pdftex.def Info: java.png  used on input line 99.
(pdftex.def)             Requested size: 325.2175pt x 184.28992pt.
 [3 <./colecciones.PNG>] [4 <./tabla.PNG> <./java.png>]
[5] [6] [7]
<interfazlist.PNG, id=36, 312.41719pt x 229.60782pt>
File: interfazlist.PNG Graphic file (type png)
<use interfazlist.PNG>
Package pdftex.def Info: interfazlist.PNG  used on input line 243.
(pdftex.def)             Requested size: 312.41641pt x 229.60725pt.
 [8 <./interfazlist.PNG>]
<interfazset.PNG, id=41, 311.66437pt x 230.36063pt>
File: interfazset.PNG Graphic file (type png)
<use interfazset.PNG>
Package pdftex.def Info: interfazset.PNG  used on input line 335.
(pdftex.def)             Requested size: 311.6636pt x 230.36005pt.
 [9] [10 <./interfazset.PNG>]
<1.PNG, id=49, 252.945pt x 30.1125pt>
File: 1.PNG Graphic file (type png)
<use 1.PNG>
Package pdftex.def Info: 1.PNG  used on input line 374.
(pdftex.def)             Requested size: 252.94438pt x 30.11241pt.
 [11 <./1.PNG>]
<2.PNG, id=54, 530.73282pt x 429.85594pt>
File: 2.PNG Graphic file (type png)
<use 2.PNG>
Package pdftex.def Info: 2.PNG  used on input line 402.
(pdftex.def)             Requested size: 212.28937pt x 171.93933pt.
<3.PNG, id=55, 533.74406pt x 449.42906pt>
File: 3.PNG Graphic file (type png)
<use 3.PNG>
Package pdftex.def Info: 3.PNG  used on input line 408.
(pdftex.def)             Requested size: 213.49384pt x 179.76843pt.
<4.PNG, id=56, 532.23843pt x 479.54156pt>
File: 4.PNG Graphic file (type png)
<use 4.PNG>
Package pdftex.def Info: 4.PNG  used on input line 414.
(pdftex.def)             Requested size: 266.11856pt x 239.77019pt.
 [12 <./2.PNG> <./3.PNG>]
<5.PNG, id=62, 536.0025pt x 442.65375pt>
File: 5.PNG Graphic file (type png)
<use 5.PNG>
Package pdftex.def Info: 5.PNG  used on input line 421.
(pdftex.def)             Requested size: 268.0006pt x 221.32632pt.
<6.PNG, id=63, 431.36156pt x 140.02313pt>
File: 6.PNG Graphic file (type png)
<use 6.PNG>
Package pdftex.def Info: 6.PNG  used on input line 428.
(pdftex.def)             Requested size: 172.54156pt x 56.00826pt.
 [13 <./4.PNG> <./5.PNG>]
<herenciaunica.png, id=70, 300.12125pt x 295.1025pt>
File: herenciaunica.png Graphic file (type png)
<use herenciaunica.png>
Package pdftex.def Info: herenciaunica.png  used on input line 449.
(pdftex.def)             Requested size: 240.09732pt x 236.0823pt.
<herenciamultinivel.png, id=71, 405.515pt x 391.4625pt>
File: herenciamultinivel.png Graphic file (type png)
<use herenciamultinivel.png>
Package pdftex.def Info: herenciamultinivel.png  used on input line 456.
(pdftex.def)             Requested size: 202.75699pt x 195.73076pt.
 [14 <./6.PNG> <./herenciaunica.png>]
<herenciajerarquica.png, id=77, 479.7925pt x 281.05pt>
File: herenciajerarquica.png Graphic file (type png)
<use herenciajerarquica.png>
Package pdftex.def Info: herenciajerarquica.png  used on input line 463.
(pdftex.def)             Requested size: 239.89565pt x 140.52464pt.
<herenciamultiple.png, id=78, 374.39874pt x 367.3725pt>
File: herenciamultiple.png Graphic file (type png)
<use herenciamultiple.png>
Package pdftex.def Info: herenciamultiple.png  used on input line 470.
(pdftex.def)             Requested size: 149.75684pt x 146.94638pt.
<herenciahibrida.png, id=79, 391.4625pt x 392.46625pt>
File: herenciahibrida.png Graphic file (type png)
<use herenciahibrida.png>
Package pdftex.def Info: herenciahibrida.png  used on input line 477.
(pdftex.def)             Requested size: 195.73076pt x 196.23264pt.
 [15 <./herenciamultinivel.png> <./herenciajerarquica.png>] [16 <./herenciamult
iple.png> <./herenciahibrida.png>]
<PolimorfismoFutbol-diag.jpg, id=90, 583.17876pt x 383.4325pt>
File: PolimorfismoFutbol-diag.jpg Graphic file (type jpg)
<use PolimorfismoFutbol-diag.jpg>
Package pdftex.def Info: PolimorfismoFutbol-diag.jpg  used on input line 498.
(pdftex.def)             Requested size: 291.58867pt x 191.71577pt.
 [17 <./PolimorfismoFutbol-diag.jpg>]
<Clases-Abstractas-e-Interfaces.jpg, id=94, 593.21625pt x 433.62pt>
File: Clases-Abstractas-e-Interfaces.jpg Graphic file (type jpg)
<use Clases-Abstractas-e-Interfaces.jpg>
Package pdftex.def Info: Clases-Abstractas-e-Interfaces.jpg  used on input line
 522.
(pdftex.def)             Requested size: 296.60739pt x 216.80946pt.
 [18 <./Clases-Abstractas-e-Interfaces.jpg>]
<ExcepcionesCheckedUnchecked.png, id=98, 1016.79875pt x 567.11874pt>
File: ExcepcionesCheckedUnchecked.png Graphic file (type png)
<use ExcepcionesCheckedUnchecked.png>
Package pdftex.def Info: ExcepcionesCheckedUnchecked.png  used on input line 54
6.
(pdftex.def)             Requested size: 508.39813pt x 283.55867pt.

Overfull \hbox (24.70126pt too wide) in paragraph at lines 546--547
 [][] 
 []

[19 <./ExcepcionesCheckedUnchecked.png>]
<archivo.PNG, id=103, 381.67593pt x 73.02281pt>
File: archivo.PNG Graphic file (type png)
<use archivo.PNG>
Package pdftex.def Info: archivo.PNG  used on input line 558.
(pdftex.def)             Requested size: 381.675pt x 73.02261pt.
<AWT.PNG, id=104, 383.18156pt x 224.33812pt>
File: AWT.PNG Graphic file (type png)
<use AWT.PNG>
Package pdftex.def Info: AWT.PNG  used on input line 593.
(pdftex.def)             Requested size: 383.18062pt x 224.33757pt.
<SWING.PNG, id=105, 351.56343pt x 209.28188pt>
File: SWING.PNG Graphic file (type png)
<use SWING.PNG>
Package pdftex.def Info: SWING.PNG  used on input line 599.
(pdftex.def)             Requested size: 351.56256pt x 209.28134pt.
<Jerarquia.PNG, id=106, 377.15906pt x 237.13594pt>
File: Jerarquia.PNG Graphic file (type png)
<use Jerarquia.PNG>
Package pdftex.def Info: Jerarquia.PNG  used on input line 619.
(pdftex.def)             Requested size: 377.15814pt x 237.13535pt.
 [20 <./archivo.PNG>] [21 <./AWT.PNG> <./SWING.PNG>]
LaTeX Font Info:    Try loading font information for OMS+cmr on input line 623.


("C:\Users\Ángel\AppData\Local\Programs\MiKTeX 2.9\tex/latex/base\omscmr.fd"
File: omscmr.fd 2014/09/29 v2.5h Standard LaTeX font definitions
)
LaTeX Font Info:    Font shape `OMS/cmr/m/n' in size <12> not available
(Font)              Font shape `OMS/cmsy/m/n' tried instead on input line 623.
<JComponent.PNG, id=116, 378.66469pt x 244.66406pt>
File: JComponent.PNG Graphic file (type png)
<use JComponent.PNG>
Package pdftex.def Info: JComponent.PNG  used on input line 647.
(pdftex.def)             Requested size: 302.93216pt x 195.7315pt.


LaTeX Warning: File `Jerarquia AWT.PNG' not found on input line 653.

<Jerarquia AWT.PNG, id=117, 349.305pt x 227.34938pt>
File: Jerarquia AWT.PNG Graphic file (type png)
<use Jerarquia AWT.PNG>
Package pdftex.def Info: Jerarquia AWT.PNG  used on input line 653.
(pdftex.def)             Requested size: 279.44437pt x 181.87975pt.
[22 <./Jerarquia.PNG>] [23 <./JComponent.PNG> <./Jerarquia AWT.PNG>]
<OP1.PNG, id=128, 184.43906pt x 197.98969pt>
File: OP1.PNG Graphic file (type png)
<use OP1.PNG>
Package pdftex.def Info: OP1.PNG  used on input line 683.
(pdftex.def)             Requested size: 92.2193pt x 98.9946pt.
<OP2.PNG, id=129, 205.5178pt x 248.42813pt>
File: OP2.PNG Graphic file (type png)
<use OP2.PNG>
Package pdftex.def Info: OP2.PNG  used on input line 691.
(pdftex.def)             Requested size: 102.75865pt x 124.21376pt.
 [24 <./OP1.PNG>]
<OP3.PNG, id=134, 445.665pt x 73.77562pt>
File: OP3.PNG Graphic file (type png)
<use OP3.PNG>
Package pdftex.def Info: OP3.PNG  used on input line 704.
(pdftex.def)             Requested size: 445.66391pt x 73.77542pt.
<OP4.PNG, id=135, 172.39406pt x 213.04594pt>
File: OP4.PNG Graphic file (type png)
<use OP4.PNG>
Package pdftex.def Info: OP4.PNG  used on input line 713.
(pdftex.def)             Requested size: 137.91542pt x 170.43697pt.
<OP5.PNG, id=136, 456.95718pt x 286.06876pt>
File: OP5.PNG Graphic file (type png)
<use OP5.PNG>
Package pdftex.def Info: OP5.PNG  used on input line 720.
(pdftex.def)             Requested size: 365.56622pt x 228.85532pt.
 [25 <./OP2.PNG> <./OP3.PNG> <./OP4.PNG>] [26 <./OP5.PNG>]
No file Reporte.bbl.
[27] (Reporte.aux) )
(\end occurred inside a group at level 1)

### simple group (level 1) entered at line 17 ({)
### bottom level 
Here is how much of TeX's memory you used:
 3422 strings out of 492946
 48656 string characters out of 3125822
 122074 words of memory out of 3000000
 7226 multiletter control sequences out of 15000+200000
 10967 words of font info for 41 fonts, out of 3000000 for 9000
 1141 hyphenation exceptions out of 8191
 41i,13n,25p,973b,279s stack positions out of 5000i,500n,10000p,200000b,50000s
<C:/Users/Ángel/AppData/Local/Programs/MiKTeX 2.9/fonts/type1/
public/amsfonts/cm/cmbx12.pfb><C:/Users/Ángel/AppData/Local/Programs/MiKTeX 2.
9/fonts/type1/public/amsfonts/cm/cmr12.pfb><C:/Users/Ángel/AppData/Local/Progr
ams/MiKTeX 2.9/fonts/type1/public/amsfonts/cm/cmsy10.pfb>
Output written on Reporte.pdf (27 pages, 1535625 bytes).
PDF statistics:
 162 PDF objects out of 1000 (max. 8388607)
 0 named destinations out of 1000 (max. 500000)
 161 words of extra memory for PDF output out of 10000 (max. 10000000)

